[    2166ms] [INFO] [Report Only] Refused to load the script 'https://hero-sms.com/_nuxt/CbjxYdcM.js' because it violates the following Content Security Policy directive: "script-src 'unsafe-inline' 'unsafe-eval'". Note that 'script-src-elem' was not explicitly set, so 'script-src' is used as a fallback.
 @ https://hero-sms.com/cn/api:45
[    2167ms] [INFO] [Report Only] Refused to load the script 'https://hero-sms.com/_nuxt/Zfx4SsW3.js' because it violates the following Content Security Policy directive: "script-src 'unsafe-inline' 'unsafe-eval'". Note that 'script-src-elem' was not explicitly set, so 'script-src' is used as a fallback.
 @ https://hero-sms.com/cn/api:46
[    2167ms] [INFO] [Report Only] Refused to load the script 'https://hero-sms.com/_nuxt/sDeIb99p.js' because it violates the following Content Security Policy directive: "script-src 'unsafe-inline' 'unsafe-eval'". Note that 'script-src-elem' was not explicitly set, so 'script-src' is used as a fallback.
 @ https://hero-sms.com/cn/api:47
[    2167ms] [INFO] [Report Only] Refused to load the script 'https://hero-sms.com/_nuxt/Btq2vKOF.js' because it violates the following Content Security Policy directive: "script-src 'unsafe-inline' 'unsafe-eval'". Note that 'script-src-elem' was not explicitly set, so 'script-src' is used as a fallback.
 @ https://hero-sms.com/cn/api:48
[    2168ms] [INFO] [Report Only] Refused to load the script 'https://hero-sms.com/_nuxt/Dc0BlcaW.js' because it violates the following Content Security Policy directive: "script-src 'unsafe-inline' 'unsafe-eval'". Note that 'script-src-elem' was not explicitly set, so 'script-src' is used as a fallback.
 @ https://hero-sms.com/cn/api:49
[    2169ms] [INFO] [Report Only] Refused to load the script 'https://hero-sms.com/_nuxt/DyGyADqj.js' because it violates the following Content Security Policy directive: "script-src 'unsafe-inline' 'unsafe-eval'". Note that 'script-src-elem' was not explicitly set, so 'script-src' is used as a fallback.
 @ https://hero-sms.com/cn/api:50
[    2170ms] [INFO] [Report Only] Refused to load the script 'https://hero-sms.com/_nuxt/Cs82QGrV.js' because it violates the following Content Security Policy directive: "script-src 'unsafe-inline' 'unsafe-eval'". Note that 'script-src-elem' was not explicitly set, so 'script-src' is used as a fallback.
 @ https://hero-sms.com/cn/api:51
[    2170ms] [INFO] [Report Only] Refused to load the script 'https://hero-sms.com/_nuxt/GaYGWMV6.js' because it violates the following Content Security Policy directive: "script-src 'unsafe-inline' 'unsafe-eval'". Note that 'script-src-elem' was not explicitly set, so 'script-src' is used as a fallback.
 @ https://hero-sms.com/cn/api:52
[    2170ms] [INFO] [Report Only] Refused to load the script 'https://hero-sms.com/_nuxt/CtX8pzaM.js' because it violates the following Content Security Policy directive: "script-src 'unsafe-inline' 'unsafe-eval'". Note that 'script-src-elem' was not explicitly set, so 'script-src' is used as a fallback.
 @ https://hero-sms.com/cn/api:53
[    2171ms] [INFO] [Report Only] Refused to load the script 'https://hero-sms.com/_nuxt/DVKw4Jcd.js' because it violates the following Content Security Policy directive: "script-src 'unsafe-inline' 'unsafe-eval'". Note that 'script-src-elem' was not explicitly set, so 'script-src' is used as a fallback.
 @ https://hero-sms.com/cn/api:54
[    2171ms] [INFO] [Report Only] Refused to load the script 'https://hero-sms.com/_nuxt/2IRNItSr.js' because it violates the following Content Security Policy directive: "script-src 'unsafe-inline' 'unsafe-eval'". Note that 'script-src-elem' was not explicitly set, so 'script-src' is used as a fallback.
 @ https://hero-sms.com/cn/api:55
[    2171ms] [INFO] [Report Only] Refused to load the script 'https://hero-sms.com/_nuxt/DoBaguGs.js' because it violates the following Content Security Policy directive: "script-src 'unsafe-inline' 'unsafe-eval'". Note that 'script-src-elem' was not explicitly set, so 'script-src' is used as a fallback.
 @ https://hero-sms.com/cn/api:56
[    2171ms] [INFO] [Report Only] Refused to load the script 'https://hero-sms.com/_nuxt/CmTay1mn.js' because it violates the following Content Security Policy directive: "script-src 'unsafe-inline' 'unsafe-eval'". Note that 'script-src-elem' was not explicitly set, so 'script-src' is used as a fallback.
 @ https://hero-sms.com/cn/api:57
[    2172ms] [INFO] [Report Only] Refused to load the script 'https://hero-sms.com/_nuxt/DQ-k1imA.js' because it violates the following Content Security Policy directive: "script-src 'unsafe-inline' 'unsafe-eval'". Note that 'script-src-elem' was not explicitly set, so 'script-src' is used as a fallback.
 @ https://hero-sms.com/cn/api:58
[    2172ms] [INFO] [Report Only] Refused to load the script 'https://hero-sms.com/_nuxt/BN74bRdw.js' because it violates the following Content Security Policy directive: "script-src 'unsafe-inline' 'unsafe-eval'". Note that 'script-src-elem' was not explicitly set, so 'script-src' is used as a fallback.
 @ https://hero-sms.com/cn/api:59
[    2172ms] [INFO] [Report Only] Refused to load the script 'https://hero-sms.com/_nuxt/DIBWRAXM.js' because it violates the following Content Security Policy directive: "script-src 'unsafe-inline' 'unsafe-eval'". Note that 'script-src-elem' was not explicitly set, so 'script-src' is used as a fallback.
 @ https://hero-sms.com/cn/api:60
[    2172ms] [INFO] [Report Only] Refused to load the script 'https://hero-sms.com/_nuxt/D1Kg3Yx1.js' because it violates the following Content Security Policy directive: "script-src 'unsafe-inline' 'unsafe-eval'". Note that 'script-src-elem' was not explicitly set, so 'script-src' is used as a fallback.
 @ https://hero-sms.com/cn/api:61
[    2172ms] [INFO] [Report Only] Refused to load the script 'https://hero-sms.com/_nuxt/DE3iXAR9.js' because it violates the following Content Security Policy directive: "script-src 'unsafe-inline' 'unsafe-eval'". Note that 'script-src-elem' was not explicitly set, so 'script-src' is used as a fallback.
 @ https://hero-sms.com/cn/api:62
[    2172ms] [INFO] [Report Only] Refused to load the script 'https://hero-sms.com/_nuxt/BCHKM-wB.js' because it violates the following Content Security Policy directive: "script-src 'unsafe-inline' 'unsafe-eval'". Note that 'script-src-elem' was not explicitly set, so 'script-src' is used as a fallback.
 @ https://hero-sms.com/cn/api:63
[    2172ms] [INFO] [Report Only] Refused to load the script 'https://hero-sms.com/_nuxt/DTZIhoM5.js' because it violates the following Content Security Policy directive: "script-src 'unsafe-inline' 'unsafe-eval'". Note that 'script-src-elem' was not explicitly set, so 'script-src' is used as a fallback.
 @ https://hero-sms.com/cn/api:64
[    2173ms] [INFO] [Report Only] Refused to load the script 'https://hero-sms.com/_nuxt/Dl4FfhF6.js' because it violates the following Content Security Policy directive: "script-src 'unsafe-inline' 'unsafe-eval'". Note that 'script-src-elem' was not explicitly set, so 'script-src' is used as a fallback.
 @ https://hero-sms.com/cn/api:65
[    2173ms] [INFO] [Report Only] Refused to load the script 'https://hero-sms.com/_nuxt/zyHEJ_qd.js' because it violates the following Content Security Policy directive: "script-src 'unsafe-inline' 'unsafe-eval'". Note that 'script-src-elem' was not explicitly set, so 'script-src' is used as a fallback.
 @ https://hero-sms.com/cn/api:66
[    2173ms] [INFO] [Report Only] Refused to load the script 'https://hero-sms.com/_nuxt/BRLCenHj.js' because it violates the following Content Security Policy directive: "script-src 'unsafe-inline' 'unsafe-eval'". Note that 'script-src-elem' was not explicitly set, so 'script-src' is used as a fallback.
 @ https://hero-sms.com/cn/api:67
[    2175ms] [INFO] [Report Only] Refused to connect to 'https://hero-sms.com/_nuxt/builds/meta/e4a28bac-c52e-4056-820a-a0ccad60edf4.json' because it violates the following Content Security Policy directive: "connect-src 'none'".
 @ https://hero-sms.com/cn/api:68
[    2749ms] [INFO] [Report Only] Refused to load the script 'https://static.cloudflareinsights.com/beacon.min.js/v8c78df7c7c0f484497ecbca7046644da1771523124516' because it violates the following Content Security Policy directive: "script-src 'unsafe-inline' 'unsafe-eval'". Note that 'script-src-elem' was not explicitly set, so 'script-src' is used as a fallback.
 @ https://hero-sms.com/cn/api:0
[    3765ms] [INFO] [Report Only] Refused to load the script 'https://hero-sms.com/cdn-cgi/challenge-platform/scripts/jsd/main.js' because it violates the following Content Security Policy directive: "script-src 'unsafe-inline' 'unsafe-eval'". Note that 'script-src-elem' was not explicitly set, so 'script-src' is used as a fallback.
 @ :0
[    4790ms] [INFO] [Report Only] Refused to connect to 'https://hero-sms.com/cdn-cgi/rum?' because it violates the following Content Security Policy directive: "connect-src 'none'".
 @ https://static.cloudflareinsights.com/beacon.min.js/v8c78df7c7c0f484497ecbca7046644da1771523124516:0
[    5055ms] [INFO] [Report Only] Refused to load the script 'https://hero-sms.com/_nuxt/C5ll00Vp.js' because it violates the following Content Security Policy directive: "script-src 'unsafe-inline' 'unsafe-eval'". Note that 'script-src-elem' was not explicitly set, so 'script-src' is used as a fallback.
 @ https://hero-sms.com/_nuxt/CbjxYdcM.js:32
[    5068ms] [INFO] [Report Only] Refused to load the script 'https://hero-sms.com/cdn-cgi/challenge-platform/h/b/scripts/jsd/625261456364/main.js?' because it violates the following Content Security Policy directive: "script-src 'unsafe-inline' 'unsafe-eval'". Note that 'script-src-elem' was not explicitly set, so 'script-src' is used as a fallback.
 @ about:blank:0
[    5082ms] [INFO] [Report Only] Refused to connect to 'https://hero-sms.com/_i18n/fQJQNS5C/cn/messages.json' because it violates the following Content Security Policy directive: "connect-src 'none'".
 @ https://hero-sms.com/_nuxt/CbjxYdcM.js:19
[    5082ms] [INFO] [Report Only] Refused to connect to 'https://hero-sms.com/_i18n/fQJQNS5C/cn/messages.json' because it violates the following Content Security Policy directive: "connect-src 'none'".
 @ https://hero-sms.com/_nuxt/CbjxYdcM.js:19
[    5422ms] [INFO] [Report Only] Refused to connect to 'https://hero-sms.com/cdn-cgi/challenge-platform/h/b/jsd/oneshot/625261456364/0.8657127585243385:1775301223:ZdlX0G0PyplO6D2BAL0MB9nRYVKDlCMYNDIcyTGPD54/9e7005ee4ebdf552' because it violates the following Content Security Policy directive: "connect-src 'none'".
 @ https://hero-sms.com/cdn-cgi/challenge-platform/scripts/jsd/main.js:0
[    5886ms] [INFO] [Report Only] Refused to connect to 'https://hero-sms.com/_nuxt/builds/meta/e4a28bac-c52e-4056-820a-a0ccad60edf4.json' because it violates the following Content Security Policy directive: "connect-src 'none'".
 @ https://hero-sms.com/_nuxt/CbjxYdcM.js:19
[    5887ms] [INFO] [Report Only] Refused to connect to 'https://hero-sms.com/_nuxt/builds/meta/e4a28bac-c52e-4056-820a-a0ccad60edf4.json' because it violates the following Content Security Policy directive: "connect-src 'none'".
 @ https://hero-sms.com/_nuxt/CbjxYdcM.js:19
[    5909ms] [INFO] [Report Only] Refused to connect to 'https://hero-sms.com/docs/v1/openapi.json' because it violates the following Content Security Policy directive: "connect-src 'none'".
 @ https://hero-sms.com/_nuxt/CbjxYdcM.js:19
[    5910ms] [INFO] [Report Only] Refused to connect to 'https://hero-sms.com/docs/v1/openapi.json' because it violates the following Content Security Policy directive: "connect-src 'none'".
 @ https://hero-sms.com/_nuxt/CbjxYdcM.js:19
[    5912ms] [INFO] [Report Only] Refused to connect to 'https://hero-sms.com/api/v1/csrf-cookie' because it violates the following Content Security Policy directive: "connect-src 'none'".
 @ https://hero-sms.com/_nuxt/CbjxYdcM.js:19
[    5912ms] [INFO] [Report Only] Refused to connect to 'https://hero-sms.com/api/v1/csrf-cookie' because it violates the following Content Security Policy directive: "connect-src 'none'".
 @ https://hero-sms.com/_nuxt/CbjxYdcM.js:19
[    5923ms] SyntaxError: 26
    at vi (https://hero-sms.com/_nuxt/CbjxYdcM.js:37:590)
    at Ft (https://hero-sms.com/_nuxt/CbjxYdcM.js:47:229)
    at ql (https://hero-sms.com/_nuxt/CbjxYdcM.js:47:11580)
    at n (https://hero-sms.com/_nuxt/DIBWRAXM.js:1:72)
    at O (https://hero-sms.com/_nuxt/CmTay1mn.js:1:1781)
    at https://hero-sms.com/_nuxt/CmTay1mn.js:2:325
    at Mf.run (https://hero-sms.com/_nuxt/CbjxYdcM.js:10:710)
    at https://hero-sms.com/_nuxt/CbjxYdcM.js:51:2747
    at runWithContext (https://hero-sms.com/_nuxt/CbjxYdcM.js:16:15577)
    at https://hero-sms.com/_nuxt/CbjxYdcM.js:51:2739
[    6941ms] [WARNING] [DEPRECATED] You're using the deprecated 'spec.url' attribute. Remove the spec prefix and move the 'url' attribute to the top level. @ https://hero-sms.com/_nuxt/sDeIb99p.js:2215
[    7012ms] [INFO] loadDocument: 65 ms @ https://hero-sms.com/_nuxt/sDeIb99p.js:2215
[    7017ms] [INFO] deepClone: 1 ms @ https://hero-sms.com/_nuxt/sDeIb99p.js:2215
[    7019ms] [INFO] initialize: 2 ms @ https://hero-sms.com/_nuxt/sDeIb99p.js:2215
[    7020ms] [INFO] upgrade: 1 ms @ https://hero-sms.com/_nuxt/sDeIb99p.js:2215
[    7038ms] [INFO] bundle: 16 ms @ https://hero-sms.com/_nuxt/sDeIb99p.js:2215
[    7075ms] [INFO] coerceValue: 37 ms @ https://hero-sms.com/_nuxt/sDeIb99p.js:2215
[    7081ms] [INFO] mergeObjects: 6 ms @ https://hero-sms.com/_nuxt/sDeIb99p.js:2215
[    7113ms] [WARNING] document validation errors:  @ https://hero-sms.com/_nuxt/sDeIb99p.js:2215
[    7113ms] [WARNING] [Object, Object, Object, Object] @ https://hero-sms.com/_nuxt/sDeIb99p.js:2215
[    7299ms] [INFO] addDocument: 286 ms @ https://hero-sms.com/_nuxt/sDeIb99p.js:2215
[    7347ms] [INFO] Slow network is detected. See https://www.chromestatus.com/feature/5636954674692096 for more details. Fallback font will be used while loading: https://fonts.scalar.com/mono-latin.woff2 @ https://hero-sms.com/_nuxt/Dc0BlcaW.js:0
[   10031ms] [INFO] Slow network is detected. See https://www.chromestatus.com/feature/5636954674692096 for more details. Fallback font will be used while loading: https://fonts.scalar.com/mono-cyrillic.woff2 @ https://hero-sms.com/_nuxt/Dc0BlcaW.js:0
